02:41:27 [error] : Error While Connecting to database
02:44:24 [error] : Error While Connecting to database
02:44:33 [error] : Error While Connecting to database
02:45:16 [error] : mongoose is not defined
02:45:16 [error] : Error While Connecting to database
03:07:42 [error] : Error while adding user 
03:09:26 [error] : Error while adding user 
11:51:48 [error] : Error while adding user 
11:57:59 [error] : Error while adding user 
12:30:09 [error] : Error in Login attempt, something went wrong
12:33:07 [error] : Error in Login attempt, something went wrong
01:06:00 [error] : Error while adding user 
02:20:39 [error] : Error while adding product 
02:22:59 [error] : Error while adding Promo Code 
02:23:27 [error] : Error while adding Promo Code 
02:37:42 [error] : Error while adding product 
03:10:04 [error] : Error while adding product 
03:14:55 [error] : Error while adding product undefined
14:29:03 [error] : Error fetching products 
00:36:51 [error] : Error updated adding product pxm345
00:38:04 [error] : Error updated adding product pxm345
